<?xml version="1.0" encoding="UTF-8"?>
<!-- Generated by org.testng.reporters.JUnitXMLReporter -->
<testsuite ignored="1" hostname="DESKTOP-P3RB1A4" failures="0" tests="1" name="Default test" time="18.434" errors="0" timestamp="2023-11-08T08:49:35 GST">
  <testcase classname="contactTests.CreateContactTest" name="createContact" time="8.219"/>
  <testcase classname="contactTests.CreateContactTest" name="demo" time="0.0">
    <ignored/>
  </testcase> <!-- demo -->
</testsuite> <!-- Default test -->
