<?xml version="1.0" encoding="UTF-8"?>
<!-- Generated by org.testng.reporters.JUnitXMLReporter -->
<testsuite ignored="4" hostname="DESKTOP-P3RB1A4" failures="0" tests="4" name="Test" time="87.772" errors="0" timestamp="2023-11-02T08:48:07 GST">
  <testcase classname="contactTests.CreateContactTest" name="createContact" time="19.949"/>
  <testcase classname="contactTests.CreateContactTest" name="demo" time="0.005"/>
  <testcase classname="organizationTests.CreateOrganizationWithIndustry" name="createContactWithIndustry" time="9.826"/>
  <testcase classname="contactTests.CreateContactWithOrganizationTest" name="createContactWithOrganization" time="15.76"/>
  <testcase classname="genericUtilities.BaseClass" name="@BeforeSuite bsConfig" time="0.0">
    <ignored/>
  </testcase> <!-- @BeforeSuite bsConfig -->
  <testcase classname="genericUtilities.BaseClass" name="@BeforeSuite bsConfig" time="0.0">
    <ignored/>
  </testcase> <!-- @BeforeSuite bsConfig -->
  <testcase classname="genericUtilities.BaseClass" name="@AfterSuite asConfig" time="0.0">
    <ignored/>
  </testcase> <!-- @AfterSuite asConfig -->
  <testcase classname="genericUtilities.BaseClass" name="@AfterSuite asConfig" time="0.0">
    <ignored/>
  </testcase> <!-- @AfterSuite asConfig -->
</testsuite> <!-- Test -->
